<?xml version="1.0" encoding="UTF-8"?>
<coverage generated="1774268007879" clover="3.2.0">
  <project timestamp="1774268007880" name="All files">
    <metrics statements="58" coveredstatements="58" conditionals="35" coveredconditionals="35" methods="16" coveredmethods="16" elements="109" coveredelements="109" complexity="0" loc="58" ncloc="58" packages="2" files="3" classes="3"/>
    <package name="hooks">
      <metrics statements="11" coveredstatements="11" conditionals="3" coveredconditionals="3" methods="4" coveredmethods="4"/>
      <file name="useStaleLoader.ts" path="/sessions/lucid-great-hopper/mnt/mindos/src/hooks/useStaleLoader.ts">
        <metrics statements="11" coveredstatements="11" conditionals="3" coveredconditionals="3" methods="4" coveredmethods="4"/>
        <line num="15" count="1" type="stmt"/>
        <line num="31" count="35" type="stmt"/>
        <line num="32" count="35" type="stmt"/>
        <line num="34" count="35" type="cond" truecount="2" falsecount="0"/>
        <line num="36" count="35" type="stmt"/>
        <line num="37" count="12" type="stmt"/>
        <line num="40" count="35" type="stmt"/>
        <line num="41" count="2" type="stmt"/>
        <line num="44" count="35" type="stmt"/>
        <line num="49" count="13" type="stmt"/>
        <line num="50" count="9" type="stmt"/>
      </file>
    </package>
    <package name="services.gamification">
      <metrics statements="47" coveredstatements="47" conditionals="32" coveredconditionals="32" methods="12" coveredmethods="12"/>
      <file name="momentumEngine.ts" path="/sessions/lucid-great-hopper/mnt/mindos/src/services/gamification/momentumEngine.ts">
        <metrics statements="23" coveredstatements="23" conditionals="26" coveredconditionals="26" methods="6" coveredmethods="6"/>
        <line num="3" count="1" type="stmt"/>
        <line num="5" count="8" type="stmt"/>
        <line num="6" count="8" type="stmt"/>
        <line num="10" count="6" type="stmt"/>
        <line num="11" count="6" type="cond" truecount="2" falsecount="0"/>
        <line num="12" count="6" type="stmt"/>
        <line num="16" count="4" type="stmt"/>
        <line num="17" count="4" type="stmt"/>
        <line num="21" count="11" type="cond" truecount="2" falsecount="0"/>
        <line num="22" count="9" type="cond" truecount="2" falsecount="0"/>
        <line num="23" count="7" type="cond" truecount="2" falsecount="0"/>
        <line num="24" count="5" type="cond" truecount="2" falsecount="0"/>
        <line num="25" count="3" type="stmt"/>
        <line num="29" count="8" type="cond" truecount="2" falsecount="0"/>
        <line num="30" count="5" type="cond" truecount="2" falsecount="0"/>
        <line num="31" count="4" type="cond" truecount="2" falsecount="0"/>
        <line num="32" count="3" type="cond" truecount="2" falsecount="0"/>
        <line num="33" count="2" type="stmt"/>
        <line num="37" count="13" type="cond" truecount="2" falsecount="0"/>
        <line num="38" count="9" type="cond" truecount="2" falsecount="0"/>
        <line num="39" count="7" type="cond" truecount="2" falsecount="0"/>
        <line num="40" count="5" type="cond" truecount="2" falsecount="0"/>
        <line num="41" count="3" type="stmt"/>
      </file>
      <file name="xpEngine.ts" path="/sessions/lucid-great-hopper/mnt/mindos/src/services/gamification/xpEngine.ts">
        <metrics statements="24" coveredstatements="24" conditionals="6" coveredconditionals="6" methods="6" coveredmethods="6"/>
        <line num="6" count="20" type="stmt"/>
        <line num="7" count="20" type="stmt"/>
        <line num="8" count="20" type="stmt"/>
        <line num="10" count="20" type="stmt"/>
        <line num="11" count="79" type="stmt"/>
        <line num="12" count="79" type="stmt"/>
        <line num="13" count="79" type="stmt"/>
        <line num="15" count="20" type="stmt"/>
        <line num="19" count="17" type="stmt"/>
        <line num="20" count="17" type="stmt"/>
        <line num="22" count="17" type="stmt"/>
        <line num="23" count="29" type="stmt"/>
        <line num="24" count="29" type="stmt"/>
        <line num="26" count="17" type="stmt"/>
        <line num="30" count="34" type="stmt"/>
        <line num="34" count="8" type="stmt"/>
        <line num="38" count="8" type="cond" truecount="2" falsecount="0"/>
        <line num="39" count="6" type="cond" truecount="2" falsecount="0"/>
        <line num="40" count="4" type="cond" truecount="2" falsecount="0"/>
        <line num="41" count="2" type="stmt"/>
        <line num="45" count="12" type="stmt"/>
        <line num="46" count="12" type="stmt"/>
        <line num="47" count="12" type="stmt"/>
        <line num="48" count="12" type="stmt"/>
      </file>
    </package>
  </project>
</coverage>
