{"/sessions/lucid-great-hopper/mnt/mindos/src/hooks/useStaleLoader.ts": {"path":"/sessions/lucid-great-hopper/mnt/mindos/src/hooks/useStaleLoader.ts","statementMap":{"0":{"start":{"line":15,"column":45},"end":{"line":15,"column":47}},"1":{"start":{"line":31,"column":17},"end":{"line":31,"column":28}},"2":{"start":{"line":32,"column":2},"end":{"line":32,"column":23}},"3":{"start":{"line":34,"column":21},"end":{"line":34,"column":85}},"4":{"start":{"line":36,"column":21},"end":{"line":38,"column":8}},"5":{"start":{"line":37,"column":4},"end":{"line":37,"column":46}},"6":{"start":{"line":40,"column":21},"end":{"line":42,"column":8}},"7":{"start":{"line":41,"column":4},"end":{"line":41,"column":40}},"8":{"start":{"line":44,"column":2},"end":{"line":44,"column":48}},"9":{"start":{"line":49,"column":2},"end":{"line":51,"column":3}},"10":{"start":{"line":50,"column":4},"end":{"line":50,"column":29}}},"fnMap":{"0":{"name":"useStaleLoader","decl":{"start":{"line":30,"column":16},"end":{"line":30,"column":30}},"loc":{"start":{"line":30,"column":88},"end":{"line":45,"column":1}},"line":30},"1":{"name":"(anonymous_1)","decl":{"start":{"line":36,"column":33},"end":{"line":36,"column":34}},"loc":{"start":{"line":36,"column":39},"end":{"line":38,"column":3}},"line":36},"2":{"name":"(anonymous_2)","decl":{"start":{"line":40,"column":33},"end":{"line":40,"column":34}},"loc":{"start":{"line":40,"column":39},"end":{"line":42,"column":3}},"line":40},"3":{"name":"invalidateAllCaches","decl":{"start":{"line":48,"column":16},"end":{"line":48,"column":35}},"loc":{"start":{"line":48,"column":44},"end":{"line":52,"column":1}},"line":48}},"branchMap":{"0":{"loc":{"start":{"line":30,"column":44},"end":{"line":30,"column":67}},"type":"default-arg","locations":[{"start":{"line":30,"column":54},"end":{"line":30,"column":67}}],"line":30},"1":{"loc":{"start":{"line":34,"column":21},"end":{"line":34,"column":85}},"type":"binary-expr","locations":[{"start":{"line":34,"column":21},"end":{"line":34,"column":39}},{"start":{"line":34,"column":43},"end":{"line":34,"column":85}}],"line":34}},"s":{"0":1,"1":35,"2":35,"3":35,"4":35,"5":12,"6":35,"7":2,"8":35,"9":13,"10":9},"f":{"0":35,"1":12,"2":2,"3":13},"b":{"0":[3],"1":[35,13]},"_coverageSchema":"1a1c01bbd47fc00a2c39e90264f33305004495a9","hash":"67df1b8d96ef3adefeea0d4eb48c65eb7e9026db"}
,"/sessions/lucid-great-hopper/mnt/mindos/src/services/gamification/momentumEngine.ts": {"path":"/sessions/lucid-great-hopper/mnt/mindos/src/services/gamification/momentumEngine.ts","statementMap":{"0":{"start":{"line":3,"column":30},"end":{"line":43,"column":1}},"1":{"start":{"line":5,"column":22},"end":{"line":5,"column":26}},"2":{"start":{"line":6,"column":4},"end":{"line":6,"column":78}},"3":{"start":{"line":10,"column":15},"end":{"line":10,"column":34}},"4":{"start":{"line":11,"column":4},"end":{"line":11,"column":37}},"5":{"start":{"line":11,"column":26},"end":{"line":11,"column":37}},"6":{"start":{"line":12,"column":4},"end":{"line":12,"column":30}},"7":{"start":{"line":16,"column":18},"end":{"line":16,"column":46}},"8":{"start":{"line":17,"column":4},"end":{"line":17,"column":50}},"9":{"start":{"line":21,"column":4},"end":{"line":21,"column":40}},"10":{"start":{"line":21,"column":21},"end":{"line":21,"column":40}},"11":{"start":{"line":22,"column":4},"end":{"line":22,"column":40}},"12":{"start":{"line":22,"column":21},"end":{"line":22,"column":40}},"13":{"start":{"line":23,"column":4},"end":{"line":23,"column":43}},"14":{"start":{"line":23,"column":21},"end":{"line":23,"column":43}},"15":{"start":{"line":24,"column":4},"end":{"line":24,"column":40}},"16":{"start":{"line":24,"column":21},"end":{"line":24,"column":40}},"17":{"start":{"line":25,"column":4},"end":{"line":25,"column":20}},"18":{"start":{"line":29,"column":4},"end":{"line":29,"column":49}},"19":{"start":{"line":29,"column":21},"end":{"line":29,"column":49}},"20":{"start":{"line":30,"column":4},"end":{"line":30,"column":49}},"21":{"start":{"line":30,"column":21},"end":{"line":30,"column":49}},"22":{"start":{"line":31,"column":4},"end":{"line":31,"column":51}},"23":{"start":{"line":31,"column":21},"end":{"line":31,"column":51}},"24":{"start":{"line":32,"column":4},"end":{"line":32,"column":52}},"25":{"start":{"line":32,"column":21},"end":{"line":32,"column":52}},"26":{"start":{"line":33,"column":4},"end":{"line":33,"column":35}},"27":{"start":{"line":37,"column":4},"end":{"line":37,"column":33}},"28":{"start":{"line":37,"column":21},"end":{"line":37,"column":33}},"29":{"start":{"line":38,"column":4},"end":{"line":38,"column":32}},"30":{"start":{"line":38,"column":21},"end":{"line":38,"column":32}},"31":{"start":{"line":39,"column":4},"end":{"line":39,"column":33}},"32":{"start":{"line":39,"column":21},"end":{"line":39,"column":33}},"33":{"start":{"line":40,"column":4},"end":{"line":40,"column":33}},"34":{"start":{"line":40,"column":21},"end":{"line":40,"column":33}},"35":{"start":{"line":41,"column":4},"end":{"line":41,"column":15}}},"fnMap":{"0":{"name":"(anonymous_0)","decl":{"start":{"line":4,"column":2},"end":{"line":4,"column":3}},"loc":{"start":{"line":4,"column":75},"end":{"line":7,"column":3}},"line":4},"1":{"name":"(anonymous_1)","decl":{"start":{"line":9,"column":2},"end":{"line":9,"column":3}},"loc":{"start":{"line":9,"column":76},"end":{"line":13,"column":3}},"line":9},"2":{"name":"(anonymous_2)","decl":{"start":{"line":15,"column":2},"end":{"line":15,"column":3}},"loc":{"start":{"line":15,"column":62},"end":{"line":18,"column":3}},"line":15},"3":{"name":"(anonymous_3)","decl":{"start":{"line":20,"column":2},"end":{"line":20,"column":3}},"loc":{"start":{"line":20,"column":42},"end":{"line":26,"column":3}},"line":20},"4":{"name":"(anonymous_4)","decl":{"start":{"line":28,"column":2},"end":{"line":28,"column":3}},"loc":{"start":{"line":28,"column":42},"end":{"line":34,"column":3}},"line":28},"5":{"name":"(anonymous_5)","decl":{"start":{"line":36,"column":2},"end":{"line":36,"column":3}},"loc":{"start":{"line":36,"column":42},"end":{"line":42,"column":3}},"line":36}},"branchMap":{"0":{"loc":{"start":{"line":11,"column":4},"end":{"line":11,"column":37}},"type":"if","locations":[{"start":{"line":11,"column":4},"end":{"line":11,"column":37}},{"start":{},"end":{}}],"line":11},"1":{"loc":{"start":{"line":21,"column":4},"end":{"line":21,"column":40}},"type":"if","locations":[{"start":{"line":21,"column":4},"end":{"line":21,"column":40}},{"start":{},"end":{}}],"line":21},"2":{"loc":{"start":{"line":22,"column":4},"end":{"line":22,"column":40}},"type":"if","locations":[{"start":{"line":22,"column":4},"end":{"line":22,"column":40}},{"start":{},"end":{}}],"line":22},"3":{"loc":{"start":{"line":23,"column":4},"end":{"line":23,"column":43}},"type":"if","locations":[{"start":{"line":23,"column":4},"end":{"line":23,"column":43}},{"start":{},"end":{}}],"line":23},"4":{"loc":{"start":{"line":24,"column":4},"end":{"line":24,"column":40}},"type":"if","locations":[{"start":{"line":24,"column":4},"end":{"line":24,"column":40}},{"start":{},"end":{}}],"line":24},"5":{"loc":{"start":{"line":29,"column":4},"end":{"line":29,"column":49}},"type":"if","locations":[{"start":{"line":29,"column":4},"end":{"line":29,"column":49}},{"start":{},"end":{}}],"line":29},"6":{"loc":{"start":{"line":30,"column":4},"end":{"line":30,"column":49}},"type":"if","locations":[{"start":{"line":30,"column":4},"end":{"line":30,"column":49}},{"start":{},"end":{}}],"line":30},"7":{"loc":{"start":{"line":31,"column":4},"end":{"line":31,"column":51}},"type":"if","locations":[{"start":{"line":31,"column":4},"end":{"line":31,"column":51}},{"start":{},"end":{}}],"line":31},"8":{"loc":{"start":{"line":32,"column":4},"end":{"line":32,"column":52}},"type":"if","locations":[{"start":{"line":32,"column":4},"end":{"line":32,"column":52}},{"start":{},"end":{}}],"line":32},"9":{"loc":{"start":{"line":37,"column":4},"end":{"line":37,"column":33}},"type":"if","locations":[{"start":{"line":37,"column":4},"end":{"line":37,"column":33}},{"start":{},"end":{}}],"line":37},"10":{"loc":{"start":{"line":38,"column":4},"end":{"line":38,"column":32}},"type":"if","locations":[{"start":{"line":38,"column":4},"end":{"line":38,"column":32}},{"start":{},"end":{}}],"line":38},"11":{"loc":{"start":{"line":39,"column":4},"end":{"line":39,"column":33}},"type":"if","locations":[{"start":{"line":39,"column":4},"end":{"line":39,"column":33}},{"start":{},"end":{}}],"line":39},"12":{"loc":{"start":{"line":40,"column":4},"end":{"line":40,"column":33}},"type":"if","locations":[{"start":{"line":40,"column":4},"end":{"line":40,"column":33}},{"start":{},"end":{}}],"line":40}},"s":{"0":1,"1":8,"2":8,"3":6,"4":6,"5":4,"6":6,"7":4,"8":4,"9":11,"10":2,"11":9,"12":2,"13":7,"14":2,"15":5,"16":2,"17":3,"18":8,"19":3,"20":5,"21":1,"22":4,"23":1,"24":3,"25":1,"26":2,"27":13,"28":4,"29":9,"30":2,"31":7,"32":2,"33":5,"34":2,"35":3},"f":{"0":8,"1":6,"2":4,"3":11,"4":8,"5":13},"b":{"0":[4,2],"1":[2,9],"2":[2,7],"3":[2,5],"4":[2,3],"5":[3,5],"6":[1,4],"7":[1,3],"8":[1,2],"9":[4,9],"10":[2,7],"11":[2,5],"12":[2,3]},"_coverageSchema":"1a1c01bbd47fc00a2c39e90264f33305004495a9","hash":"df88f6d41ee2df318ecafbb57173ae5728ed0442"}
,"/sessions/lucid-great-hopper/mnt/mindos/src/services/gamification/xpEngine.ts": {"path":"/sessions/lucid-great-hopper/mnt/mindos/src/services/gamification/xpEngine.ts","statementMap":{"0":{"start":{"line":6,"column":14},"end":{"line":6,"column":15}},"1":{"start":{"line":7,"column":19},"end":{"line":7,"column":22}},"2":{"start":{"line":8,"column":20},"end":{"line":8,"column":21}},"3":{"start":{"line":10,"column":2},"end":{"line":14,"column":3}},"4":{"start":{"line":11,"column":4},"end":{"line":11,"column":30}},"5":{"start":{"line":12,"column":4},"end":{"line":12,"column":12}},"6":{"start":{"line":13,"column":4},"end":{"line":13,"column":46}},"7":{"start":{"line":15,"column":2},"end":{"line":15,"column":15}},"8":{"start":{"line":19,"column":19},"end":{"line":19,"column":22}},"9":{"start":{"line":20,"column":20},"end":{"line":20,"column":21}},"10":{"start":{"line":22,"column":2},"end":{"line":25,"column":3}},"11":{"start":{"line":23,"column":4},"end":{"line":23,"column":30}},"12":{"start":{"line":24,"column":4},"end":{"line":24,"column":46}},"13":{"start":{"line":26,"column":2},"end":{"line":26,"column":31}},"14":{"start":{"line":30,"column":2},"end":{"line":30,"column":59}},"15":{"start":{"line":34,"column":2},"end":{"line":34,"column":68}},"16":{"start":{"line":38,"column":2},"end":{"line":38,"column":57}},"17":{"start":{"line":38,"column":24},"end":{"line":38,"column":57}},"18":{"start":{"line":39,"column":2},"end":{"line":39,"column":55}},"19":{"start":{"line":39,"column":23},"end":{"line":39,"column":55}},"20":{"start":{"line":40,"column":2},"end":{"line":40,"column":55}},"21":{"start":{"line":40,"column":23},"end":{"line":40,"column":55}},"22":{"start":{"line":41,"column":2},"end":{"line":41,"column":11}},"23":{"start":{"line":45,"column":16},"end":{"line":45,"column":39}},"24":{"start":{"line":46,"column":25},"end":{"line":46,"column":57}},"25":{"start":{"line":47,"column":22},"end":{"line":47,"column":46}},"26":{"start":{"line":48,"column":2},"end":{"line":48,"column":73}}},"fnMap":{"0":{"name":"calculateLevel","decl":{"start":{"line":5,"column":16},"end":{"line":5,"column":30}},"loc":{"start":{"line":5,"column":56},"end":{"line":16,"column":1}},"line":5},"1":{"name":"calculateCurrentLevelXP","decl":{"start":{"line":18,"column":16},"end":{"line":18,"column":39}},"loc":{"start":{"line":18,"column":65},"end":{"line":27,"column":1}},"line":18},"2":{"name":"getXPForNextLevel","decl":{"start":{"line":29,"column":16},"end":{"line":29,"column":33}},"loc":{"start":{"line":29,"column":64},"end":{"line":31,"column":1}},"line":29},"3":{"name":"getLevelTitle","decl":{"start":{"line":33,"column":16},"end":{"line":33,"column":29}},"loc":{"start":{"line":33,"column":53},"end":{"line":35,"column":1}},"line":33},"4":{"name":"calculateStreakBonus","decl":{"start":{"line":37,"column":16},"end":{"line":37,"column":36}},"loc":{"start":{"line":37,"column":65},"end":{"line":42,"column":1}},"line":37},"5":{"name":"getLevelProgressPercent","decl":{"start":{"line":44,"column":16},"end":{"line":44,"column":39}},"loc":{"start":{"line":44,"column":65},"end":{"line":49,"column":1}},"line":44}},"branchMap":{"0":{"loc":{"start":{"line":38,"column":2},"end":{"line":38,"column":57}},"type":"if","locations":[{"start":{"line":38,"column":2},"end":{"line":38,"column":57}},{"start":{},"end":{}}],"line":38},"1":{"loc":{"start":{"line":39,"column":2},"end":{"line":39,"column":55}},"type":"if","locations":[{"start":{"line":39,"column":2},"end":{"line":39,"column":55}},{"start":{},"end":{}}],"line":39},"2":{"loc":{"start":{"line":40,"column":2},"end":{"line":40,"column":55}},"type":"if","locations":[{"start":{"line":40,"column":2},"end":{"line":40,"column":55}},{"start":{},"end":{}}],"line":40}},"s":{"0":20,"1":20,"2":20,"3":20,"4":79,"5":79,"6":79,"7":20,"8":17,"9":17,"10":17,"11":29,"12":29,"13":17,"14":34,"15":8,"16":8,"17":2,"18":6,"19":2,"20":4,"21":2,"22":2,"23":12,"24":12,"25":12,"26":12},"f":{"0":20,"1":17,"2":34,"3":8,"4":8,"5":12},"b":{"0":[2,6],"1":[2,4],"2":[2,2]},"_coverageSchema":"1a1c01bbd47fc00a2c39e90264f33305004495a9","hash":"3d33146c68b97882152b00ad67afd60b28817862"}
}
