TN:
SF:src/hooks/useStaleLoader.ts
FN:30,useStaleLoader
FN:36,(anonymous_1)
FN:40,(anonymous_2)
FN:48,invalidateAllCaches
FNF:4
FNH:4
FNDA:35,useStaleLoader
FNDA:12,(anonymous_1)
FNDA:2,(anonymous_2)
FNDA:13,invalidateAllCaches
DA:15,1
DA:31,35
DA:32,35
DA:34,35
DA:36,35
DA:37,12
DA:40,35
DA:41,2
DA:44,35
DA:49,13
DA:50,9
LF:11
LH:11
BRDA:30,0,0,3
BRDA:34,1,0,35
BRDA:34,1,1,13
BRF:3
BRH:3
end_of_record
TN:
SF:src/services/gamification/momentumEngine.ts
FN:4,(anonymous_0)
FN:9,(anonymous_1)
FN:15,(anonymous_2)
FN:20,(anonymous_3)
FN:28,(anonymous_4)
FN:36,(anonymous_5)
FNF:6
FNH:6
FNDA:8,(anonymous_0)
FNDA:6,(anonymous_1)
FNDA:4,(anonymous_2)
FNDA:11,(anonymous_3)
FNDA:8,(anonymous_4)
FNDA:13,(anonymous_5)
DA:3,1
DA:5,8
DA:6,8
DA:10,6
DA:11,6
DA:12,6
DA:16,4
DA:17,4
DA:21,11
DA:22,9
DA:23,7
DA:24,5
DA:25,3
DA:29,8
DA:30,5
DA:31,4
DA:32,3
DA:33,2
DA:37,13
DA:38,9
DA:39,7
DA:40,5
DA:41,3
LF:23
LH:23
BRDA:11,0,0,4
BRDA:11,0,1,2
BRDA:21,1,0,2
BRDA:21,1,1,9
BRDA:22,2,0,2
BRDA:22,2,1,7
BRDA:23,3,0,2
BRDA:23,3,1,5
BRDA:24,4,0,2
BRDA:24,4,1,3
BRDA:29,5,0,3
BRDA:29,5,1,5
BRDA:30,6,0,1
BRDA:30,6,1,4
BRDA:31,7,0,1
BRDA:31,7,1,3
BRDA:32,8,0,1
BRDA:32,8,1,2
BRDA:37,9,0,4
BRDA:37,9,1,9
BRDA:38,10,0,2
BRDA:38,10,1,7
BRDA:39,11,0,2
BRDA:39,11,1,5
BRDA:40,12,0,2
BRDA:40,12,1,3
BRF:26
BRH:26
end_of_record
TN:
SF:src/services/gamification/xpEngine.ts
FN:5,calculateLevel
FN:18,calculateCurrentLevelXP
FN:29,getXPForNextLevel
FN:33,getLevelTitle
FN:37,calculateStreakBonus
FN:44,getLevelProgressPercent
FNF:6
FNH:6
FNDA:20,calculateLevel
FNDA:17,calculateCurrentLevelXP
FNDA:34,getXPForNextLevel
FNDA:8,getLevelTitle
FNDA:8,calculateStreakBonus
FNDA:12,getLevelProgressPercent
DA:6,20
DA:7,20
DA:8,20
DA:10,20
DA:11,79
DA:12,79
DA:13,79
DA:15,20
DA:19,17
DA:20,17
DA:22,17
DA:23,29
DA:24,29
DA:26,17
DA:30,34
DA:34,8
DA:38,8
DA:39,6
DA:40,4
DA:41,2
DA:45,12
DA:46,12
DA:47,12
DA:48,12
LF:24
LH:24
BRDA:38,0,0,2
BRDA:38,0,1,6
BRDA:39,1,0,2
BRDA:39,1,1,4
BRDA:40,2,0,2
BRDA:40,2,1,2
BRF:6
BRH:6
end_of_record
